[debug] [2026-04-11T13:36:38.459Z] ----------------------------------------------------------------------
[debug] [2026-04-11T13:36:38.460Z] Command:       C:\Program Files\nodejs\node.exe C:\Users\neyla\AppData\Roaming\npm\node_modules\firebase-tools\lib\bin\firebase.js deploy --only functions
[debug] [2026-04-11T13:36:38.461Z] CLI Version:   15.1.0
[debug] [2026-04-11T13:36:38.461Z] Platform:      win32
[debug] [2026-04-11T13:36:38.461Z] Node Version:  v22.19.0
[debug] [2026-04-11T13:36:38.461Z] Time:          Sat Apr 11 2026 08:36:38 GMT-0500 (Central Daylight Time)
[debug] [2026-04-11T13:36:38.461Z] ----------------------------------------------------------------------
[debug] 
[debug] [2026-04-11T13:36:39.376Z] > command requires scopes: ["email","openid","https://www.googleapis.com/auth/cloudplatformprojects.readonly","https://www.googleapis.com/auth/firebase","https://www.googleapis.com/auth/cloud-platform"]
[debug] [2026-04-11T13:36:39.376Z] > authorizing via signed-in user (titusaneyland@gmail.com)
[debug] [2026-04-11T13:36:39.376Z] [iam] checking project split-6b720 for permissions ["cloudfunctions.functions.create","cloudfunctions.functions.delete","cloudfunctions.functions.get","cloudfunctions.functions.list","cloudfunctions.functions.update","cloudfunctions.operations.get","firebase.projects.get"]
[debug] [2026-04-11T13:36:39.377Z] Checked if tokens are valid: true, expires at: 1775917731202
[debug] [2026-04-11T13:36:39.377Z] Checked if tokens are valid: true, expires at: 1775917731202
[debug] [2026-04-11T13:36:39.377Z] >>> [apiv2][query] POST https://cloudresourcemanager.googleapis.com/v1/projects/split-6b720:testIamPermissions [none]
[debug] [2026-04-11T13:36:39.378Z] >>> [apiv2][(partial)header] POST https://cloudresourcemanager.googleapis.com/v1/projects/split-6b720:testIamPermissions x-goog-quota-user=projects/split-6b720
[debug] [2026-04-11T13:36:39.378Z] >>> [apiv2][body] POST https://cloudresourcemanager.googleapis.com/v1/projects/split-6b720:testIamPermissions {"permissions":["cloudfunctions.functions.create","cloudfunctions.functions.delete","cloudfunctions.functions.get","cloudfunctions.functions.list","cloudfunctions.functions.update","cloudfunctions.operations.get","firebase.projects.get"]}
[debug] [2026-04-11T13:36:39.728Z] <<< [apiv2][status] POST https://cloudresourcemanager.googleapis.com/v1/projects/split-6b720:testIamPermissions 200
[debug] [2026-04-11T13:36:39.728Z] <<< [apiv2][body] POST https://cloudresourcemanager.googleapis.com/v1/projects/split-6b720:testIamPermissions {"permissions":["cloudfunctions.functions.create","cloudfunctions.functions.delete","cloudfunctions.functions.get","cloudfunctions.functions.list","cloudfunctions.functions.update","cloudfunctions.operations.get","firebase.projects.get"]}
[debug] [2026-04-11T13:36:39.729Z] Checked if tokens are valid: true, expires at: 1775917731202
[debug] [2026-04-11T13:36:39.729Z] Checked if tokens are valid: true, expires at: 1775917731202
[debug] [2026-04-11T13:36:39.729Z] >>> [apiv2][query] POST https://iam.googleapis.com/v1/projects/split-6b720/serviceAccounts/split-6b720@appspot.gserviceaccount.com:testIamPermissions [none]
[debug] [2026-04-11T13:36:39.729Z] >>> [apiv2][body] POST https://iam.googleapis.com/v1/projects/split-6b720/serviceAccounts/split-6b720@appspot.gserviceaccount.com:testIamPermissions {"permissions":["iam.serviceAccounts.actAs"]}
[debug] [2026-04-11T13:36:40.049Z] <<< [apiv2][status] POST https://iam.googleapis.com/v1/projects/split-6b720/serviceAccounts/split-6b720@appspot.gserviceaccount.com:testIamPermissions 200
[debug] [2026-04-11T13:36:40.049Z] <<< [apiv2][body] POST https://iam.googleapis.com/v1/projects/split-6b720/serviceAccounts/split-6b720@appspot.gserviceaccount.com:testIamPermissions {"permissions":["iam.serviceAccounts.actAs"]}
[info] 
[info] === Deploying to 'split-6b720'...
[info] 
[info] i  deploying functions 
[debug] [2026-04-11T13:36:40.056Z] Checked if tokens are valid: true, expires at: 1775917731202
[debug] [2026-04-11T13:36:40.056Z] Checked if tokens are valid: true, expires at: 1775917731202
[debug] [2026-04-11T13:36:40.056Z] >>> [apiv2][query] GET https://cloudresourcemanager.googleapis.com/v1/projects/split-6b720 [none]
